<?xml version="1.0" encoding="UTF-8"?>
<testsuite xmlns:xsi="http://www.w3.org/2001/XMLSchema-instance" xsi:noNamespaceSchemaLocation="https://maven.apache.org/surefire/maven-surefire-plugin/xsd/surefire-test-report.xsd" name="com.nevernote.controllers.NotesControllerTest" time="4.646" tests="3" errors="0" skipped="0" failures="0">
  <properties>
[...]
</properties>
  <testcase name="getNoteSuccessTest" classname="com.nevernote.controllers.NotesControllerTest" time="4.021"/>
  <testcase name="newNoteSuccessTest" classname="com.nevernote.controllers.NotesControllerTest" time="0.009"/>
  <testcase name="updateNoteSuccessTest" classname="com.nevernote.controllers.NotesControllerTest" time="0.006"/>
</testsuite>